<?xml version="1.0" encoding="UTF-8"?>
<!-- Generated by org.testng.reporters.JUnitReportReporter -->
<testsuite hostname="LAPTOP-KBV6SF0Q" failures="0" tests="9" name="api.test.DDTTest" time="14.823" errors="0" timestamp="2024-04-27T09:21:17 IST" skipped="0">
  <testcase classname="api.test.DDTTest" name="test_postUser" time="1.433"/>
  <testcase classname="api.test.DDTTest" name="test_postUser" time="1.499"/>
  <testcase classname="api.test.DDTTest" name="test_postUser" time="2.824"/>
  <testcase classname="api.test.DDTTest" name="test_getUserByName" time="1.571"/>
  <testcase classname="api.test.DDTTest" name="test_getUserByName" time="1.534"/>
  <testcase classname="api.test.DDTTest" name="test_getUserByName" time="1.534"/>
  <testcase classname="api.test.DDTTest" name="test_deleteUserByName" time="1.460"/>
  <testcase classname="api.test.DDTTest" name="test_deleteUserByName" time="1.464"/>
  <testcase classname="api.test.DDTTest" name="test_deleteUserByName" time="1.504"/>
</testsuite> <!-- api.test.DDTTest -->
