<?xml version="1.0" encoding="UTF-8"?>
<!-- Generated by org.testng.reporters.JUnitReportReporter -->
<testsuite hostname="LAPTOP-KBV6SF0Q" failures="0" tests="4" name="api.test.UserTests" time="9.334" errors="0" timestamp="2024-04-27T09:58:48 IST" skipped="0">
  <testcase classname="api.test.UserTests" name="test_postUser" time="2.932"/>
  <testcase classname="api.test.UserTests" name="test_getUserByName" time="1.556"/>
  <testcase classname="api.test.UserTests" name="test_updateUserByName" time="2.966"/>
  <testcase classname="api.test.UserTests" name="test_deleteUserByName" time="1.880"/>
</testsuite> <!-- api.test.UserTests -->
