<?xml version="1.0" encoding="UTF-8"?>
<!-- Generated by org.testng.reporters.JUnitReportReporter -->
<testsuite hostname="LAPTOP-KBV6SF0Q" failures="0" tests="4" name="api.test.UserTests2" time="9.063" errors="0" timestamp="2024-04-28T08:08:11 IST" skipped="0">
  <testcase classname="api.test.UserTests2" name="test_postUser" time="2.919"/>
  <testcase classname="api.test.UserTests2" name="test_getUserByName" time="1.551"/>
  <testcase classname="api.test.UserTests2" name="test_updateUserByName" time="3.063"/>
  <testcase classname="api.test.UserTests2" name="test_deleteUserByName" time="1.530"/>
</testsuite> <!-- api.test.UserTests2 -->
