<?xml version="1.0" encoding="UTF-8"?>
<!-- Generated by org.testng.reporters.JUnitReportReporter -->
<testsuite hostname="LAPTOP-KBV6SF0Q" failures="0" tests="4" name="api.test.UserStatus" time="8.901" errors="0" timestamp="2024-04-27T09:33:26 IST" skipped="0">
  <testcase classname="api.test.UserStatus" name="test_postUser" time="2.951"/>
  <testcase classname="api.test.UserStatus" name="test_getUserByName" time="1.555"/>
  <testcase classname="api.test.UserStatus" name="test_updateUserByName" time="2.885"/>
  <testcase classname="api.test.UserStatus" name="test_deleteUserByName" time="1.510"/>
</testsuite> <!-- api.test.UserStatus -->
