<?xml version="1.0" encoding="UTF-8"?>
<!-- Generated by org.testng.reporters.JUnitReportReporter -->
<testsuite hostname="LAPTOP-KBV6SF0Q" failures="0" tests="4" name="api.test.UserTests" time="8.617" errors="0" timestamp="2024-04-29T07:45:54 IST" skipped="0">
  <testcase classname="api.test.UserTests" name="test_postUser" time="2.757"/>
  <testcase classname="api.test.UserTests" name="test_getUserByName" time="1.462"/>
  <testcase classname="api.test.UserTests" name="test_updateUserByName" time="2.966"/>
  <testcase classname="api.test.UserTests" name="test_deleteUserByName" time="1.432"/>
</testsuite> <!-- api.test.UserTests -->
